<?xml version="1.0" encoding="UTF-8"?>
<!-- Generated by org.testng.reporters.JUnitReportReporter -->
<testsuite hostname="LAPTOP-KN1EE0UE" name="com.myid.albumtest.CloudBrowse" tests="5" failures="0" timestamp="1 Aug 2016 04:41:33 GMT" time="54.488" errors="0">
  <testcase name="login" time="17.706" classname="com.myid.albumtest.CloudBrowse"/>
  <testcase name="swipeGuidePage" time="7.177" classname="com.myid.albumtest.CloudBrowse"/>
  <testcase name="uploadToAlbum" time="20.506" classname="com.myid.albumtest.CloudBrowse"/>
  <testcase name="deletePic" time="7.127" classname="com.myid.albumtest.CloudBrowse"/>
  <testcase name="launchApp" time="1.972" classname="com.myid.albumtest.CloudBrowse"/>
</testsuite> <!-- com.myid.albumtest.CloudBrowse -->
