<?xml version="1.0" encoding="UTF-8"?>
<!-- Generated by org.testng.reporters.JUnitReportReporter -->
<testsuite hostname="LAPTOP-KN1EE0UE" name="com.myid.albumtest.BatchUpload" tests="10" failures="0" timestamp="1 Aug 2016 03:11:34 GMT" time="138.470" errors="0">
  <testcase name="deleteAlbum" time="9.013" classname="com.myid.albumtest.BatchUpload"/>
  <testcase name="reLogin" time="26.741" classname="com.myid.albumtest.BatchUpload"/>
  <testcase name="uploadToAlbum" time="52.090" classname="com.myid.albumtest.BatchUpload"/>
  <testcase name="createCloudAlbum" time="10.395" classname="com.myid.albumtest.BatchUpload"/>
  <testcase name="swipeGuidePage" time="7.308" classname="com.myid.albumtest.BatchUpload"/>
  <testcase name="login" time="17.252" classname="com.myid.albumtest.BatchUpload"/>
  <testcase name="launchApp" time="2.182" classname="com.myid.albumtest.BatchUpload"/>
  <testcase name="cloudalbum" time="2.775" classname="com.myid.albumtest.BatchUpload"/>
  <testcase name="reView" time="4.028" classname="com.myid.albumtest.BatchUpload"/>
  <testcase name="logout" time="6.686" classname="com.myid.albumtest.BatchUpload"/>
</testsuite> <!-- com.myid.albumtest.BatchUpload -->
