<?xml version="1.0" encoding="UTF-8"?>
<!-- Generated by org.testng.reporters.JUnitReportReporter -->
<testsuite hostname="LAPTOP-KN1EE0UE" name="com.myid.albumtest.LocalBrowse" tests="5" failures="0" timestamp="1 Aug 2016 04:57:23 GMT" time="49.073" errors="0">
  <testcase name="swipeGuidePage" time="7.027" classname="com.myid.albumtest.LocalBrowse"/>
  <testcase name="launchApp" time="1.930" classname="com.myid.albumtest.LocalBrowse"/>
  <testcase name="login" time="17.730" classname="com.myid.albumtest.LocalBrowse"/>
  <testcase name="downLoadToLocal" time="14.160" classname="com.myid.albumtest.LocalBrowse"/>
  <testcase name="deletePic" time="8.226" classname="com.myid.albumtest.LocalBrowse"/>
</testsuite> <!-- com.myid.albumtest.LocalBrowse -->
